#
# There is insufficient memory for the Java Runtime Environment to continue.
# Native memory allocation (mmap) failed to map 255852544 bytes for G1 virtual space
# Possible reasons:
#   The system is out of physical RAM or swap space
#   The process is running with CompressedOops enabled, and the Java Heap may be blocking the growth of the native heap
# Possible solutions:
#   Reduce memory load on the system
#   Increase physical memory or swap space
#   Check if swap backing store is full
#   Decrease Java heap size (-Xmx/-Xms)
#   Decrease number of Java threads
#   Decrease Java thread stack sizes (-Xss)
#   Set larger code cache with -XX:ReservedCodeCacheSize=
#   JVM is running with Zero Based Compressed Oops mode in which the Java heap is
#     placed in the first 32GB address space. The Java Heap base address is the
#     maximum limit for the native heap growth. Please use -XX:HeapBaseMinAddress
#     to set the Java Heap base and to place the Java Heap above 32GB virtual address.
# This output file may be truncated or incomplete.
#
#  Out of Memory Error (os_windows.cpp:3541), pid=31772, tid=17620
#
# JRE version:  (17.0.4.1+1) (build )
# Java VM: OpenJDK 64-Bit Server VM (17.0.4.1+1, mixed mode, sharing, tiered, compressed oops, compressed class ptrs, g1 gc, windows-amd64)
# No core dump will be written. Minidumps are not enabled by default on client versions of Windows
#

---------------  S U M M A R Y ------------

Command Line: -Dfile.encoding=UTF-8 -XX:+ShowCodeDetailsInExceptionMessages clueGame.ClueGame

Host: AMD Ryzen 9 6900HS with Radeon Graphics        , 16 cores, 15G,  Windows 11 , 64 bit Build 22621 (10.0.22621.755)
Time: Sat Nov 19 18:57:18 2022 Mountain Standard Time elapsed time: 0.012521 seconds (0d 0h 0m 0s)

---------------  T H R E A D  ---------------

Current thread (0x0000022c3fb9b490):  JavaThread "Unknown thread" [_thread_in_vm, id=17620, stack(0x000000f657000000,0x000000f657100000)]

Stack: [0x000000f657000000,0x000000f657100000]
Native frames: (J=compiled Java code, j=interpreted, Vv=VM code, C=native code)
V  [jvm.dll+0x67731a]
V  [jvm.dll+0x832284]
V  [jvm.dll+0x833a2e]
V  [jvm.dll+0x834093]
V  [jvm.dll+0x245775]
V  [jvm.dll+0x674209]
V  [jvm.dll+0x668a92]
V  [jvm.dll+0x30471b]
V  [jvm.dll+0x30bc66]
V  [jvm.dll+0x35ba9e]
V  [jvm.dll+0x35bccf]
V  [jvm.dll+0x2db5b8]
V  [jvm.dll+0x2dc524]
V  [jvm.dll+0x803db1]
V  [jvm.dll+0x3698f1]
V  [jvm.dll+0x7e31bc]
V  [jvm.dll+0x3ec25f]
V  [jvm.dll+0x3edde1]
C  [jli.dll+0x5277]
C  [ucrtbase.dll+0x29363]
C  [KERNEL32.DLL+0x1244d]
C  [ntdll.dll+0x5dfb8]


---------------  P R O C E S S  ---------------

Threads class SMR info:
_java_thread_list=0x00007ffd8df04e98, length=0, elements={
}

Java Threads: ( => current thread )

Other Threads:
  0x0000022c3fc06b80 GCTaskThread "GC Thread#0" [stack: 0x000000f657100000,0x000000f657200000] [id=27504]
  0x0000022c3fc18d90 ConcurrentGCThread "G1 Main Marker" [stack: 0x000000f657200000,0x000000f657300000] [id=17032]
  0x0000022c3fc19fa0 ConcurrentGCThread "G1 Conc#0" [stack: 0x000000f657300000,0x000000f657400000] [id=33620]

[error occurred during error reporting (printing all threads), id 0xc0000005, EXCEPTION_ACCESS_VIOLATION (0xc0000005) at pc=0x00007ffd8d6dc047]

VM state: not at safepoint (not fully initialized)

VM Mutex/Monitor currently owned by a thread:  ([mutex/lock_event])
[0x0000022c3dadd3b0] Heap_lock - owner thread: 0x0000022c3fb9b490

Heap address: 0x000000070c400000, size: 3900 MB, Compressed Oops mode: Zero based, Oop shift amount: 3

CDS archive(s) mapped at: [0x0000000000000000-0x0000000000000000-0x0000000000000000), size 0, SharedBaseAddress: 0x0000000800000000, ArchiveRelocationMode: 0.
Narrow klass base: 0x0000000000000000, Narrow klass shift: 0, Narrow klass range: 0x0

GC Precious Log:
<Empty>

Heap:
 garbage-first heap   total 0K, used 0K [0x000000070c400000, 0x0000000800000000)
  region size 2048K, 0 young (0K), 0 survivors (0K)

[error occurred during error reporting (printing heap information), id 0xc0000005, EXCEPTION_ACCESS_VIOLATION (0xc0000005) at pc=0x00007ffd8dac0699]

GC Heap History (0 events):
No events

Deoptimization events (0 events):
No events

Classes unloaded (0 events):
No events

Classes redefined (0 events):
No events

Internal exceptions (0 events):
No events

VM Operations (0 events):
No events

Events (1 events):
Event: 0.007 Loaded shared library C:\Users\taylo\.p2\pool\plugins\org.eclipse.justj.openjdk.hotspot.jre.full.win32.x86_64_17.0.4.v20220903-1038\jre\bin\java.dll


Dynamic libraries:
0x00007ff757760000 - 0x00007ff75776e000 	C:\Users\taylo\.p2\pool\plugins\org.eclipse.justj.openjdk.hotspot.jre.full.win32.x86_64_17.0.4.v20220903-1038\jre\bin\javaw.exe
0x00007ffdcf950000 - 0x00007ffdcfb64000 	C:\WINDOWS\SYSTEM32\ntdll.dll
0x00007ffdce000000 - 0x00007ffdce0c2000 	C:\WINDOWS\System32\KERNEL32.DLL
0x00007ffdccd80000 - 0x00007ffdcd11d000 	C:\WINDOWS\System32\KERNELBASE.dll
0x00007ffdcd3e0000 - 0x00007ffdcd4f1000 	C:\WINDOWS\System32\ucrtbase.dll
0x00007ffdb11c0000 - 0x00007ffdb11d8000 	C:\Users\taylo\.p2\pool\plugins\org.eclipse.justj.openjdk.hotspot.jre.full.win32.x86_64_17.0.4.v20220903-1038\jre\bin\jli.dll
0x00007ffdaf690000 - 0x00007ffdaf6a9000 	C:\Users\taylo\.p2\pool\plugins\org.eclipse.justj.openjdk.hotspot.jre.full.win32.x86_64_17.0.4.v20220903-1038\jre\bin\VCRUNTIME140.dll
0x00007ffdce140000 - 0x00007ffdce2ea000 	C:\WINDOWS\System32\USER32.dll
0x00007ffdcd3b0000 - 0x00007ffdcd3d6000 	C:\WINDOWS\System32\win32u.dll
0x00007ffdb9980000 - 0x00007ffdb9c0e000 	C:\WINDOWS\WinSxS\amd64_microsoft.windows.common-controls_6595b64144ccf1df_6.0.22621.608_none_a9444ca7c10bb01d\COMCTL32.dll
0x00007ffdcde60000 - 0x00007ffdcde89000 	C:\WINDOWS\System32\GDI32.dll
0x00007ffdcf820000 - 0x00007ffdcf8c7000 	C:\WINDOWS\System32\msvcrt.dll
0x00007ffdcd120000 - 0x00007ffdcd232000 	C:\WINDOWS\System32\gdi32full.dll
0x00007ffdcd500000 - 0x00007ffdcd59a000 	C:\WINDOWS\System32\msvcp_win.dll
0x00007ffdced30000 - 0x00007ffdced62000 	C:\WINDOWS\System32\IMM32.DLL
0x00007ffdbcf70000 - 0x00007ffdbcf7c000 	C:\Users\taylo\.p2\pool\plugins\org.eclipse.justj.openjdk.hotspot.jre.full.win32.x86_64_17.0.4.v20220903-1038\jre\bin\vcruntime140_1.dll
0x00007ffd99650000 - 0x00007ffd996e1000 	C:\Users\taylo\.p2\pool\plugins\org.eclipse.justj.openjdk.hotspot.jre.full.win32.x86_64_17.0.4.v20220903-1038\jre\bin\msvcp140.dll
0x00007ffd8d3f0000 - 0x00007ffd8e036000 	C:\Users\taylo\.p2\pool\plugins\org.eclipse.justj.openjdk.hotspot.jre.full.win32.x86_64_17.0.4.v20220903-1038\jre\bin\server\jvm.dll
0x00007ffdcdf50000 - 0x00007ffdcdffe000 	C:\WINDOWS\System32\ADVAPI32.dll
0x00007ffdce360000 - 0x00007ffdce404000 	C:\WINDOWS\System32\sechost.dll
0x00007ffdcd8a0000 - 0x00007ffdcd9b5000 	C:\WINDOWS\System32\RPCRT4.dll
0x00007ffdcf650000 - 0x00007ffdcf658000 	C:\WINDOWS\System32\PSAPI.DLL
0x00007ffdb94f0000 - 0x00007ffdb94f9000 	C:\WINDOWS\SYSTEM32\WSOCK32.dll
0x00007ffdc6b40000 - 0x00007ffdc6b4a000 	C:\WINDOWS\SYSTEM32\VERSION.dll
0x00007ffdc4f00000 - 0x00007ffdc4f34000 	C:\WINDOWS\SYSTEM32\WINMM.dll
0x00007ffdce830000 - 0x00007ffdce8a1000 	C:\WINDOWS\System32\WS2_32.dll
0x00007ffdcbee0000 - 0x00007ffdcbef8000 	C:\WINDOWS\SYSTEM32\kernel.appcore.dll
0x00007ffdc5050000 - 0x00007ffdc505a000 	C:\Users\taylo\.p2\pool\plugins\org.eclipse.justj.openjdk.hotspot.jre.full.win32.x86_64_17.0.4.v20220903-1038\jre\bin\jimage.dll
0x00007ffdca8b0000 - 0x00007ffdcaade000 	C:\WINDOWS\SYSTEM32\DBGHELP.DLL
0x00007ffdce410000 - 0x00007ffdce79a000 	C:\WINDOWS\System32\combase.dll
0x00007ffdcd750000 - 0x00007ffdcd827000 	C:\WINDOWS\System32\OLEAUT32.dll
0x00007ffdc34f0000 - 0x00007ffdc3522000 	C:\WINDOWS\SYSTEM32\dbgcore.DLL
0x00007ffdcd5a0000 - 0x00007ffdcd61b000 	C:\WINDOWS\System32\bcryptPrimitives.dll
0x00007ffdbd270000 - 0x00007ffdbd295000 	C:\Users\taylo\.p2\pool\plugins\org.eclipse.justj.openjdk.hotspot.jre.full.win32.x86_64_17.0.4.v20220903-1038\jre\bin\java.dll

dbghelp: loaded successfully - version: 4.0.5 - missing functions: none
symbol engine: initialized successfully - sym options: 0x614 - pdb path: .;C:\Users\taylo\.p2\pool\plugins\org.eclipse.justj.openjdk.hotspot.jre.full.win32.x86_64_17.0.4.v20220903-1038\jre\bin;C:\WINDOWS\SYSTEM32;C:\WINDOWS\WinSxS\amd64_microsoft.windows.common-controls_6595b64144ccf1df_6.0.22621.608_none_a9444ca7c10bb01d;C:\Users\taylo\.p2\pool\plugins\org.eclipse.justj.openjdk.hotspot.jre.full.win32.x86_64_17.0.4.v20220903-1038\jre\bin\server

VM Arguments:
jvm_args: -Dfile.encoding=UTF-8 -XX:+ShowCodeDetailsInExceptionMessages 
java_command: clueGame.ClueGame
java_class_path (initial): C:\Users\taylo\.p2\pool\plugins\junit-jupiter-api_5.9.0.jar;C:\Users\taylo\.p2\pool\plugins\junit-jupiter-engine_5.9.0.jar;C:\Users\taylo\.p2\pool\plugins\junit-jupiter-migrationsupport_5.9.0.jar;C:\Users\taylo\.p2\pool\plugins\junit-jupiter-params_5.9.0.jar;C:\Users\taylo\.p2\pool\plugins\junit-platform-commons_1.9.0.jar;C:\Users\taylo\.p2\pool\plugins\junit-platform-engine_1.9.0.jar;C:\Users\taylo\.p2\pool\plugins\junit-platform-launcher_1.9.0.jar;C:\Users\taylo\.p2\pool\plugins\junit-platform-runner_1.9.0.jar;C:\Users\taylo\.p2\pool\plugins\junit-platform-suite-api_1.9.0.jar;C:\Users\taylo\.p2\pool\plugins\junit-platform-suite-engine_1.9.0.jar;C:\Users\taylo\.p2\pool\plugins\junit-platform-suite-commons_1.9.0.jar;C:\Users\taylo\.p2\pool\plugins\junit-vintage-engine_5.9.0.jar;C:\Users\taylo\.p2\pool\plugins\org.opentest4j_1.2.0.jar;C:\Users\taylo\.p2\pool\plugins\org.apiguardian.api_1.1.2.jar;C:\Users\taylo\.p2\pool\plugins\org.junit_4.13.2.v20211018-1956.jar;C:\Users\taylo\.p2\pool\plugins\org.hamcrest.core_1.3.0.v20180420-1519.jar;C:\Users\taylo\eclipse-workspace\ClueGameKlone\bin
Launcher Type: SUN_STANDARD

[Global flags]
     intx CICompilerCount                          = 12                                        {product} {ergonomic}
     uint ConcGCThreads                            = 3                                         {product} {ergonomic}
     uint G1ConcRefinementThreads                  = 13                                        {product} {ergonomic}
   size_t G1HeapRegionSize                         = 2097152                                   {product} {ergonomic}
    uintx GCDrainStackTargetSize                   = 64                                        {product} {ergonomic}
   size_t InitialHeapSize                          = 255852544                                 {product} {ergonomic}
   size_t MarkStackSize                            = 4194304                                   {product} {ergonomic}
   size_t MaxHeapSize                              = 4089446400                                {product} {ergonomic}
   size_t MinHeapDeltaBytes                        = 2097152                                   {product} {ergonomic}
   size_t MinHeapSize                              = 8388608                                   {product} {ergonomic}
    uintx NonNMethodCodeHeapSize                   = 7602480                                {pd product} {ergonomic}
    uintx NonProfiledCodeHeapSize                  = 122027880                              {pd product} {ergonomic}
    uintx ProfiledCodeHeapSize                     = 122027880                              {pd product} {ergonomic}
    uintx ReservedCodeCacheSize                    = 251658240                              {pd product} {ergonomic}
     bool SegmentedCodeCache                       = true                                      {product} {ergonomic}
     bool ShowCodeDetailsInExceptionMessages       = true                                   {manageable} {command line}
   size_t SoftMaxHeapSize                          = 4089446400                             {manageable} {ergonomic}
     bool UseCompressedClassPointers               = true                           {product lp64_product} {ergonomic}
     bool UseCompressedOops                        = true                           {product lp64_product} {ergonomic}
     bool UseG1GC                                  = true                                      {product} {ergonomic}
     bool UseLargePagesIndividualAllocation        = false                                  {pd product} {ergonomic}

Logging:
Log output configuration:
 #0: stdout all=warning uptime,level,tags
 #1: stderr all=off uptime,level,tags

Environment Variables:
PATH=C:/Users/taylo/.p2/pool/plugins/org.eclipse.justj.openjdk.hotspot.jre.full.win32.x86_64_17.0.4.v20220903-1038/jre/bin/server;C:/Users/taylo/.p2/pool/plugins/org.eclipse.justj.openjdk.hotspot.jre.full.win32.x86_64_17.0.4.v20220903-1038/jre/bin;C:\WINDOWS\system32;C:\WINDOWS;C:\WINDOWS\System32\Wbem;C:\WINDOWS\System32\WindowsPowerShell\v1.0\;C:\WINDOWS\System32\OpenSSH\;C:\Program Files\Git\cmd;C:\Program Files\dotnet\;C:\Users\taylo\AppData\Local\Microsoft\WindowsApps;C:\WINDOWS\system32;
USERNAME=taylo
OS=Windows_NT
PROCESSOR_IDENTIFIER=AMD64 Family 25 Model 68 Stepping 1, AuthenticAMD
TMP=C:\Users\taylo\AppData\Local\Temp
TEMP=C:\Users\taylo\AppData\Local\Temp



---------------  S Y S T E M  ---------------

OS:
 Windows 11 , 64 bit Build 22621 (10.0.22621.755)
OS uptime: 4 days 1:22 hours

CPU: total 16 (initial active 16) (16 cores per cpu, 2 threads per core) family 25 model 68 stepping 1 microcode 0x0, cx8, cmov, fxsr, ht, mmx, 3dnowpref, sse, sse2, sse3, ssse3, sse4a, sse4.1, sse4.2, popcnt, lzcnt, tsc, tscinvbit, avx, avx2, aes, erms, clmul, bmi1, bmi2, adx, sha, fma, vzeroupper, clflush, clflushopt

Memory: 4k page, system-wide physical 15596M (749M free)
TotalPageFile size 62644M (AvailPageFile size 122M)
current process WorkingSet (physical memory assigned to process): 11M, peak: 11M
current process commit charge ("private bytes"): 70M, peak: 314M

vm_info: OpenJDK 64-Bit Server VM (17.0.4.1+1) for windows-amd64 JRE (17.0.4.1+1), built on Aug 17 2022 07:42:43 by "temurin" with MS VC++ 16.7 (VS2019)

END.
