#
# There is insufficient memory for the Java Runtime Environment to continue.
# Native memory allocation (malloc) failed to allocate 32744 bytes for ChunkPool::allocate
# Possible reasons:
#   The system is out of physical RAM or swap space
#   The process is running with CompressedOops enabled, and the Java Heap may be blocking the growth of the native heap
# Possible solutions:
#   Reduce memory load on the system
#   Increase physical memory or swap space
#   Check if swap backing store is full
#   Decrease Java heap size (-Xmx/-Xms)
#   Decrease number of Java threads
#   Decrease Java thread stack sizes (-Xss)
#   Set larger code cache with -XX:ReservedCodeCacheSize=
#   JVM is running with Zero Based Compressed Oops mode in which the Java heap is
#     placed in the first 32GB address space. The Java Heap base address is the
#     maximum limit for the native heap growth. Please use -XX:HeapBaseMinAddress
#     to set the Java Heap base and to place the Java Heap above 32GB virtual address.
# This output file may be truncated or incomplete.
#
#  Out of Memory Error (arena.cpp:78), pid=26984, tid=39816
#
# JRE version: OpenJDK Runtime Environment Temurin-17.0.4.1+1 (17.0.4.1+1) (build 17.0.4.1+1)
# Java VM: OpenJDK 64-Bit Server VM Temurin-17.0.4.1+1 (17.0.4.1+1, mixed mode, tiered, compressed oops, compressed class ptrs, g1 gc, windows-amd64)
# No core dump will be written. Minidumps are not enabled by default on client versions of Windows
#

---------------  S U M M A R Y ------------

Command Line: -Dfile.encoding=UTF-8 -XX:+ShowCodeDetailsInExceptionMessages clueGame.ClueGame

Host: AMD Ryzen 9 6900HS with Radeon Graphics        , 16 cores, 15G,  Windows 11 , 64 bit Build 22621 (10.0.22621.755)
Time: Mon Nov 21 20:31:45 2022 Mountain Standard Time elapsed time: 0.778857 seconds (0d 0h 0m 0s)

---------------  T H R E A D  ---------------

Current thread (0x0000026576092d50):  JavaThread "C1 CompilerThread0" daemon [_thread_in_native, id=39816, stack(0x0000006a62500000,0x0000006a62600000)]


Current CompileTask:
C1:    778 1286       1       sun.java2d.loops.GraphicsPrimitive::getUniqueID (5 bytes)

Stack: [0x0000006a62500000,0x0000006a62600000]
Native frames: (J=compiled Java code, j=interpreted, Vv=VM code, C=native code)
V  [jvm.dll+0x67731a]
V  [jvm.dll+0x832284]
V  [jvm.dll+0x833a2e]
V  [jvm.dll+0x834093]
V  [jvm.dll+0x245775]
V  [jvm.dll+0xabfc0]
V  [jvm.dll+0xac30c]
V  [jvm.dll+0x177a9c]
V  [jvm.dll+0x17a7d1]
V  [jvm.dll+0x134943]
V  [jvm.dll+0x13423f]
V  [jvm.dll+0x134476]
V  [jvm.dll+0x13390a]
V  [jvm.dll+0x1355d1]
V  [jvm.dll+0x227498]
V  [jvm.dll+0x2255e5]
V  [jvm.dll+0x7e7e9b]
V  [jvm.dll+0x7e240a]
V  [jvm.dll+0x6761a5]
C  [ucrtbase.dll+0x29363]
C  [KERNEL32.DLL+0x1244d]
C  [ntdll.dll+0x5dfb8]


---------------  P R O C E S S  ---------------

Threads class SMR info:
_java_thread_list=0x000002657f0ae950, length=22, elements={
0x000002655647ae70, 0x0000026576077020, 0x00000265760778e0, 0x00000265760361d0,
0x0000026576036a90, 0x0000026576049450, 0x0000026576049d10, 0x000002657604bd10,
0x0000026576092d50, 0x000002657609ba60, 0x000002657621fa50, 0x0000026576223f80,
0x0000026576237b30, 0x0000026576241460, 0x00000265765fd7f0, 0x00000265765feae0,
0x00000265765ff3c0, 0x000002657f0dca20, 0x000002657f0dbbb0, 0x000002657f0d9530,
0x000002657f59b330, 0x000002657f23d800
}

Java Threads: ( => current thread )
  0x000002655647ae70 JavaThread "main" [_thread_in_native, id=43376, stack(0x0000006a61700000,0x0000006a61800000)]
  0x0000026576077020 JavaThread "Reference Handler" daemon [_thread_blocked, id=41112, stack(0x0000006a61e00000,0x0000006a61f00000)]
  0x00000265760778e0 JavaThread "Finalizer" daemon [_thread_blocked, id=44512, stack(0x0000006a61f00000,0x0000006a62000000)]
  0x00000265760361d0 JavaThread "Signal Dispatcher" daemon [_thread_blocked, id=5812, stack(0x0000006a62000000,0x0000006a62100000)]
  0x0000026576036a90 JavaThread "Attach Listener" daemon [_thread_blocked, id=23656, stack(0x0000006a62100000,0x0000006a62200000)]
  0x0000026576049450 JavaThread "Service Thread" daemon [_thread_blocked, id=41864, stack(0x0000006a62200000,0x0000006a62300000)]
  0x0000026576049d10 JavaThread "Monitor Deflation Thread" daemon [_thread_blocked, id=24516, stack(0x0000006a62300000,0x0000006a62400000)]
  0x000002657604bd10 JavaThread "C2 CompilerThread0" daemon [_thread_in_native, id=39960, stack(0x0000006a62400000,0x0000006a62500000)]
=>0x0000026576092d50 JavaThread "C1 CompilerThread0" daemon [_thread_in_native, id=39816, stack(0x0000006a62500000,0x0000006a62600000)]
  0x000002657609ba60 JavaThread "Sweeper thread" daemon [_thread_blocked, id=7856, stack(0x0000006a62600000,0x0000006a62700000)]
  0x000002657621fa50 JavaThread "C1 CompilerThread1" daemon [_thread_blocked, id=7664, stack(0x0000006a62700000,0x0000006a62800000)]
  0x0000026576223f80 JavaThread "C1 CompilerThread2" daemon [_thread_in_native, id=45012, stack(0x0000006a62800000,0x0000006a62900000)]
  0x0000026576237b30 JavaThread "Notification Thread" daemon [_thread_blocked, id=12432, stack(0x0000006a62900000,0x0000006a62a00000)]
  0x0000026576241460 JavaThread "Common-Cleaner" daemon [_thread_blocked, id=39904, stack(0x0000006a62b00000,0x0000006a62c00000)]
  0x00000265765fd7f0 JavaThread "Java2D Disposer" daemon [_thread_blocked, id=36556, stack(0x0000006a62c00000,0x0000006a62d00000)]
  0x00000265765feae0 JavaThread "AWT-Shutdown" [_thread_blocked, id=13452, stack(0x0000006a62d00000,0x0000006a62e00000)]
  0x00000265765ff3c0 JavaThread "AWT-Windows" daemon [_thread_in_native, id=43764, stack(0x0000006a62e00000,0x0000006a62f00000)]
  0x000002657f0dca20 JavaThread "AWT-EventQueue-0" [_thread_blocked, id=18788, stack(0x0000006a63f00000,0x0000006a64000000)]
  0x000002657f0dbbb0 JavaThread "D3D Screen Updater" daemon [_thread_in_native, id=42608, stack(0x0000006a64300000,0x0000006a64400000)]
  0x000002657f0d9530 JavaThread "Image Fetcher 0" daemon [_thread_blocked, id=15384, stack(0x0000006a64400000,0x0000006a64500000)]
  0x000002657f59b330 JavaThread "C2 CompilerThread1" daemon [_thread_blocked, id=34844, stack(0x0000006a64500000,0x0000006a64600000)]
  0x000002657f23d800 JavaThread "C2 CompilerThread2" daemon [_thread_blocked, id=43432, stack(0x0000006a64600000,0x0000006a64700000)]

Other Threads:
  0x000002657550eb70 VMThread "VM Thread" [stack: 0x0000006a61d00000,0x0000006a61e00000] [id=3436]
  0x0000026576238000 WatcherThread [stack: 0x0000006a62a00000,0x0000006a62b00000] [id=10200]
  0x00000265564e74f0 GCTaskThread "GC Thread#0" [stack: 0x0000006a61800000,0x0000006a61900000] [id=12464]
  0x00000265564f77f0 ConcurrentGCThread "G1 Main Marker" [stack: 0x0000006a61900000,0x0000006a61a00000] [id=41304]
  0x00000265564f8b00 ConcurrentGCThread "G1 Conc#0" [stack: 0x0000006a61a00000,0x0000006a61b00000] [id=5536]
  0x000002655654e1c0 ConcurrentGCThread "G1 Refine#0" [stack: 0x0000006a61b00000,0x0000006a61c00000] [id=39496]
  0x000002655654e980 ConcurrentGCThread "G1 Service" [stack: 0x0000006a61c00000,0x0000006a61d00000] [id=41592]

Threads with active compile tasks:
C2 CompilerThread0      809 1264   !   4       sun.font.TrueTypeFont::getTableBuffer (215 bytes)
C1 CompilerThread0      809 1286       1       sun.java2d.loops.GraphicsPrimitive::getUniqueID (5 bytes)
C1 CompilerThread2      809 1287       3       sun.java2d.loops.GraphicsPrimitiveMgr$1::compare (13 bytes)

VM state: not at safepoint (normal execution)

VM Mutex/Monitor currently owned by a thread: None

Heap address: 0x000000070c400000, size: 3900 MB, Compressed Oops mode: Zero based, Oop shift amount: 3

CDS archive(s) not mapped
Compressed class space mapped at: 0x0000000800000000-0x0000000840000000, reserved size: 1073741824
Narrow klass base: 0x0000000800000000, Narrow klass shift: 0, Narrow klass range: 0x40000000

GC Precious Log:
 CPUs: 16 total, 16 available
 Memory: 15596M
 Large Page Support: Disabled
 NUMA Support: Disabled
 Compressed Oops: Enabled (Zero based)
 Heap Region Size: 2M
 Heap Min Capacity: 8M
 Heap Initial Capacity: 244M
 Heap Max Capacity: 3900M
 Pre-touch: Disabled
 Parallel Workers: 13
 Concurrent Workers: 3
 Concurrent Refinement Workers: 13
 Periodic GC: Disabled

Heap:
 garbage-first heap   total 249856K, used 16384K [0x000000070c400000, 0x0000000800000000)
  region size 2048K, 9 young (18432K), 0 survivors (0K)
 Metaspace       used 16312K, committed 16576K, reserved 1064960K
  class space    used 1670K, committed 1792K, reserved 1048576K

Heap Regions: E=young(eden), S=young(survivor), O=old, HS=humongous(starts), HC=humongous(continues), CS=collection set, F=free, OA=open archive, CA=closed archive, TAMS=top-at-mark-start (previous, next)
|   0|0x000000070c400000, 0x000000070c400000, 0x000000070c600000|  0%| F|  |TAMS 0x000000070c400000, 0x000000070c400000| Untracked 
|   1|0x000000070c600000, 0x000000070c600000, 0x000000070c800000|  0%| F|  |TAMS 0x000000070c600000, 0x000000070c600000| Untracked 
|   2|0x000000070c800000, 0x000000070c800000, 0x000000070ca00000|  0%| F|  |TAMS 0x000000070c800000, 0x000000070c800000| Untracked 
|   3|0x000000070ca00000, 0x000000070ca00000, 0x000000070cc00000|  0%| F|  |TAMS 0x000000070ca00000, 0x000000070ca00000| Untracked 
|   4|0x000000070cc00000, 0x000000070cc00000, 0x000000070ce00000|  0%| F|  |TAMS 0x000000070cc00000, 0x000000070cc00000| Untracked 
|   5|0x000000070ce00000, 0x000000070ce00000, 0x000000070d000000|  0%| F|  |TAMS 0x000000070ce00000, 0x000000070ce00000| Untracked 
|   6|0x000000070d000000, 0x000000070d000000, 0x000000070d200000|  0%| F|  |TAMS 0x000000070d000000, 0x000000070d000000| Untracked 
|   7|0x000000070d200000, 0x000000070d200000, 0x000000070d400000|  0%| F|  |TAMS 0x000000070d200000, 0x000000070d200000| Untracked 
|   8|0x000000070d400000, 0x000000070d400000, 0x000000070d600000|  0%| F|  |TAMS 0x000000070d400000, 0x000000070d400000| Untracked 
|   9|0x000000070d600000, 0x000000070d600000, 0x000000070d800000|  0%| F|  |TAMS 0x000000070d600000, 0x000000070d600000| Untracked 
|  10|0x000000070d800000, 0x000000070d800000, 0x000000070da00000|  0%| F|  |TAMS 0x000000070d800000, 0x000000070d800000| Untracked 
|  11|0x000000070da00000, 0x000000070da00000, 0x000000070dc00000|  0%| F|  |TAMS 0x000000070da00000, 0x000000070da00000| Untracked 
|  12|0x000000070dc00000, 0x000000070dc00000, 0x000000070de00000|  0%| F|  |TAMS 0x000000070dc00000, 0x000000070dc00000| Untracked 
|  13|0x000000070de00000, 0x000000070de00000, 0x000000070e000000|  0%| F|  |TAMS 0x000000070de00000, 0x000000070de00000| Untracked 
|  14|0x000000070e000000, 0x000000070e000000, 0x000000070e200000|  0%| F|  |TAMS 0x000000070e000000, 0x000000070e000000| Untracked 
|  15|0x000000070e200000, 0x000000070e200000, 0x000000070e400000|  0%| F|  |TAMS 0x000000070e200000, 0x000000070e200000| Untracked 
|  16|0x000000070e400000, 0x000000070e400000, 0x000000070e600000|  0%| F|  |TAMS 0x000000070e400000, 0x000000070e400000| Untracked 
|  17|0x000000070e600000, 0x000000070e600000, 0x000000070e800000|  0%| F|  |TAMS 0x000000070e600000, 0x000000070e600000| Untracked 
|  18|0x000000070e800000, 0x000000070e800000, 0x000000070ea00000|  0%| F|  |TAMS 0x000000070e800000, 0x000000070e800000| Untracked 
|  19|0x000000070ea00000, 0x000000070ea00000, 0x000000070ec00000|  0%| F|  |TAMS 0x000000070ea00000, 0x000000070ea00000| Untracked 
|  20|0x000000070ec00000, 0x000000070ec00000, 0x000000070ee00000|  0%| F|  |TAMS 0x000000070ec00000, 0x000000070ec00000| Untracked 
|  21|0x000000070ee00000, 0x000000070ee00000, 0x000000070f000000|  0%| F|  |TAMS 0x000000070ee00000, 0x000000070ee00000| Untracked 
|  22|0x000000070f000000, 0x000000070f000000, 0x000000070f200000|  0%| F|  |TAMS 0x000000070f000000, 0x000000070f000000| Untracked 
|  23|0x000000070f200000, 0x000000070f200000, 0x000000070f400000|  0%| F|  |TAMS 0x000000070f200000, 0x000000070f200000| Untracked 
|  24|0x000000070f400000, 0x000000070f400000, 0x000000070f600000|  0%| F|  |TAMS 0x000000070f400000, 0x000000070f400000| Untracked 
|  25|0x000000070f600000, 0x000000070f600000, 0x000000070f800000|  0%| F|  |TAMS 0x000000070f600000, 0x000000070f600000| Untracked 
|  26|0x000000070f800000, 0x000000070f800000, 0x000000070fa00000|  0%| F|  |TAMS 0x000000070f800000, 0x000000070f800000| Untracked 
|  27|0x000000070fa00000, 0x000000070fa00000, 0x000000070fc00000|  0%| F|  |TAMS 0x000000070fa00000, 0x000000070fa00000| Untracked 
|  28|0x000000070fc00000, 0x000000070fc00000, 0x000000070fe00000|  0%| F|  |TAMS 0x000000070fc00000, 0x000000070fc00000| Untracked 
|  29|0x000000070fe00000, 0x000000070fe00000, 0x0000000710000000|  0%| F|  |TAMS 0x000000070fe00000, 0x000000070fe00000| Untracked 
|  30|0x0000000710000000, 0x0000000710000000, 0x0000000710200000|  0%| F|  |TAMS 0x0000000710000000, 0x0000000710000000| Untracked 
|  31|0x0000000710200000, 0x0000000710200000, 0x0000000710400000|  0%| F|  |TAMS 0x0000000710200000, 0x0000000710200000| Untracked 
|  32|0x0000000710400000, 0x0000000710400000, 0x0000000710600000|  0%| F|  |TAMS 0x0000000710400000, 0x0000000710400000| Untracked 
|  33|0x0000000710600000, 0x0000000710600000, 0x0000000710800000|  0%| F|  |TAMS 0x0000000710600000, 0x0000000710600000| Untracked 
|  34|0x0000000710800000, 0x0000000710800000, 0x0000000710a00000|  0%| F|  |TAMS 0x0000000710800000, 0x0000000710800000| Untracked 
|  35|0x0000000710a00000, 0x0000000710a00000, 0x0000000710c00000|  0%| F|  |TAMS 0x0000000710a00000, 0x0000000710a00000| Untracked 
|  36|0x0000000710c00000, 0x0000000710c00000, 0x0000000710e00000|  0%| F|  |TAMS 0x0000000710c00000, 0x0000000710c00000| Untracked 
|  37|0x0000000710e00000, 0x0000000710e00000, 0x0000000711000000|  0%| F|  |TAMS 0x0000000710e00000, 0x0000000710e00000| Untracked 
|  38|0x0000000711000000, 0x0000000711000000, 0x0000000711200000|  0%| F|  |TAMS 0x0000000711000000, 0x0000000711000000| Untracked 
|  39|0x0000000711200000, 0x0000000711200000, 0x0000000711400000|  0%| F|  |TAMS 0x0000000711200000, 0x0000000711200000| Untracked 
|  40|0x0000000711400000, 0x0000000711400000, 0x0000000711600000|  0%| F|  |TAMS 0x0000000711400000, 0x0000000711400000| Untracked 
|  41|0x0000000711600000, 0x0000000711600000, 0x0000000711800000|  0%| F|  |TAMS 0x0000000711600000, 0x0000000711600000| Untracked 
|  42|0x0000000711800000, 0x0000000711800000, 0x0000000711a00000|  0%| F|  |TAMS 0x0000000711800000, 0x0000000711800000| Untracked 
|  43|0x0000000711a00000, 0x0000000711a00000, 0x0000000711c00000|  0%| F|  |TAMS 0x0000000711a00000, 0x0000000711a00000| Untracked 
|  44|0x0000000711c00000, 0x0000000711c00000, 0x0000000711e00000|  0%| F|  |TAMS 0x0000000711c00000, 0x0000000711c00000| Untracked 
|  45|0x0000000711e00000, 0x0000000711e00000, 0x0000000712000000|  0%| F|  |TAMS 0x0000000711e00000, 0x0000000711e00000| Untracked 
|  46|0x0000000712000000, 0x0000000712000000, 0x0000000712200000|  0%| F|  |TAMS 0x0000000712000000, 0x0000000712000000| Untracked 
|  47|0x0000000712200000, 0x0000000712200000, 0x0000000712400000|  0%| F|  |TAMS 0x0000000712200000, 0x0000000712200000| Untracked 
|  48|0x0000000712400000, 0x0000000712400000, 0x0000000712600000|  0%| F|  |TAMS 0x0000000712400000, 0x0000000712400000| Untracked 
|  49|0x0000000712600000, 0x0000000712600000, 0x0000000712800000|  0%| F|  |TAMS 0x0000000712600000, 0x0000000712600000| Untracked 
|  50|0x0000000712800000, 0x0000000712800000, 0x0000000712a00000|  0%| F|  |TAMS 0x0000000712800000, 0x0000000712800000| Untracked 
|  51|0x0000000712a00000, 0x0000000712a00000, 0x0000000712c00000|  0%| F|  |TAMS 0x0000000712a00000, 0x0000000712a00000| Untracked 
|  52|0x0000000712c00000, 0x0000000712c00000, 0x0000000712e00000|  0%| F|  |TAMS 0x0000000712c00000, 0x0000000712c00000| Untracked 
|  53|0x0000000712e00000, 0x0000000712e00000, 0x0000000713000000|  0%| F|  |TAMS 0x0000000712e00000, 0x0000000712e00000| Untracked 
|  54|0x0000000713000000, 0x0000000713000000, 0x0000000713200000|  0%| F|  |TAMS 0x0000000713000000, 0x0000000713000000| Untracked 
|  55|0x0000000713200000, 0x0000000713200000, 0x0000000713400000|  0%| F|  |TAMS 0x0000000713200000, 0x0000000713200000| Untracked 
|  56|0x0000000713400000, 0x0000000713400000, 0x0000000713600000|  0%| F|  |TAMS 0x0000000713400000, 0x0000000713400000| Untracked 
|  57|0x0000000713600000, 0x0000000713600000, 0x0000000713800000|  0%| F|  |TAMS 0x0000000713600000, 0x0000000713600000| Untracked 
|  58|0x0000000713800000, 0x0000000713800000, 0x0000000713a00000|  0%| F|  |TAMS 0x0000000713800000, 0x0000000713800000| Untracked 
|  59|0x0000000713a00000, 0x0000000713a00000, 0x0000000713c00000|  0%| F|  |TAMS 0x0000000713a00000, 0x0000000713a00000| Untracked 
|  60|0x0000000713c00000, 0x0000000713c00000, 0x0000000713e00000|  0%| F|  |TAMS 0x0000000713c00000, 0x0000000713c00000| Untracked 
|  61|0x0000000713e00000, 0x0000000713e00000, 0x0000000714000000|  0%| F|  |TAMS 0x0000000713e00000, 0x0000000713e00000| Untracked 
|  62|0x0000000714000000, 0x0000000714000000, 0x0000000714200000|  0%| F|  |TAMS 0x0000000714000000, 0x0000000714000000| Untracked 
|  63|0x0000000714200000, 0x0000000714200000, 0x0000000714400000|  0%| F|  |TAMS 0x0000000714200000, 0x0000000714200000| Untracked 
|  64|0x0000000714400000, 0x0000000714400000, 0x0000000714600000|  0%| F|  |TAMS 0x0000000714400000, 0x0000000714400000| Untracked 
|  65|0x0000000714600000, 0x0000000714600000, 0x0000000714800000|  0%| F|  |TAMS 0x0000000714600000, 0x0000000714600000| Untracked 
|  66|0x0000000714800000, 0x0000000714800000, 0x0000000714a00000|  0%| F|  |TAMS 0x0000000714800000, 0x0000000714800000| Untracked 
|  67|0x0000000714a00000, 0x0000000714a00000, 0x0000000714c00000|  0%| F|  |TAMS 0x0000000714a00000, 0x0000000714a00000| Untracked 
|  68|0x0000000714c00000, 0x0000000714c00000, 0x0000000714e00000|  0%| F|  |TAMS 0x0000000714c00000, 0x0000000714c00000| Untracked 
|  69|0x0000000714e00000, 0x0000000714e00000, 0x0000000715000000|  0%| F|  |TAMS 0x0000000714e00000, 0x0000000714e00000| Untracked 
|  70|0x0000000715000000, 0x0000000715000000, 0x0000000715200000|  0%| F|  |TAMS 0x0000000715000000, 0x0000000715000000| Untracked 
|  71|0x0000000715200000, 0x0000000715200000, 0x0000000715400000|  0%| F|  |TAMS 0x0000000715200000, 0x0000000715200000| Untracked 
|  72|0x0000000715400000, 0x0000000715400000, 0x0000000715600000|  0%| F|  |TAMS 0x0000000715400000, 0x0000000715400000| Untracked 
|  73|0x0000000715600000, 0x0000000715600000, 0x0000000715800000|  0%| F|  |TAMS 0x0000000715600000, 0x0000000715600000| Untracked 
|  74|0x0000000715800000, 0x0000000715800000, 0x0000000715a00000|  0%| F|  |TAMS 0x0000000715800000, 0x0000000715800000| Untracked 
|  75|0x0000000715a00000, 0x0000000715a00000, 0x0000000715c00000|  0%| F|  |TAMS 0x0000000715a00000, 0x0000000715a00000| Untracked 
|  76|0x0000000715c00000, 0x0000000715c00000, 0x0000000715e00000|  0%| F|  |TAMS 0x0000000715c00000, 0x0000000715c00000| Untracked 
|  77|0x0000000715e00000, 0x0000000715e00000, 0x0000000716000000|  0%| F|  |TAMS 0x0000000715e00000, 0x0000000715e00000| Untracked 
|  78|0x0000000716000000, 0x0000000716000000, 0x0000000716200000|  0%| F|  |TAMS 0x0000000716000000, 0x0000000716000000| Untracked 
|  79|0x0000000716200000, 0x0000000716200000, 0x0000000716400000|  0%| F|  |TAMS 0x0000000716200000, 0x0000000716200000| Untracked 
|  80|0x0000000716400000, 0x0000000716400000, 0x0000000716600000|  0%| F|  |TAMS 0x0000000716400000, 0x0000000716400000| Untracked 
|  81|0x0000000716600000, 0x0000000716600000, 0x0000000716800000|  0%| F|  |TAMS 0x0000000716600000, 0x0000000716600000| Untracked 
|  82|0x0000000716800000, 0x0000000716800000, 0x0000000716a00000|  0%| F|  |TAMS 0x0000000716800000, 0x0000000716800000| Untracked 
|  83|0x0000000716a00000, 0x0000000716a00000, 0x0000000716c00000|  0%| F|  |TAMS 0x0000000716a00000, 0x0000000716a00000| Untracked 
|  84|0x0000000716c00000, 0x0000000716c00000, 0x0000000716e00000|  0%| F|  |TAMS 0x0000000716c00000, 0x0000000716c00000| Untracked 
|  85|0x0000000716e00000, 0x0000000716e00000, 0x0000000717000000|  0%| F|  |TAMS 0x0000000716e00000, 0x0000000716e00000| Untracked 
|  86|0x0000000717000000, 0x0000000717000000, 0x0000000717200000|  0%| F|  |TAMS 0x0000000717000000, 0x0000000717000000| Untracked 
|  87|0x0000000717200000, 0x0000000717200000, 0x0000000717400000|  0%| F|  |TAMS 0x0000000717200000, 0x0000000717200000| Untracked 
|  88|0x0000000717400000, 0x0000000717400000, 0x0000000717600000|  0%| F|  |TAMS 0x0000000717400000, 0x0000000717400000| Untracked 
|  89|0x0000000717600000, 0x0000000717600000, 0x0000000717800000|  0%| F|  |TAMS 0x0000000717600000, 0x0000000717600000| Untracked 
|  90|0x0000000717800000, 0x0000000717800000, 0x0000000717a00000|  0%| F|  |TAMS 0x0000000717800000, 0x0000000717800000| Untracked 
|  91|0x0000000717a00000, 0x0000000717a00000, 0x0000000717c00000|  0%| F|  |TAMS 0x0000000717a00000, 0x0000000717a00000| Untracked 
|  92|0x0000000717c00000, 0x0000000717c00000, 0x0000000717e00000|  0%| F|  |TAMS 0x0000000717c00000, 0x0000000717c00000| Untracked 
|  93|0x0000000717e00000, 0x0000000717e00000, 0x0000000718000000|  0%| F|  |TAMS 0x0000000717e00000, 0x0000000717e00000| Untracked 
|  94|0x0000000718000000, 0x0000000718000000, 0x0000000718200000|  0%| F|  |TAMS 0x0000000718000000, 0x0000000718000000| Untracked 
|  95|0x0000000718200000, 0x0000000718200000, 0x0000000718400000|  0%| F|  |TAMS 0x0000000718200000, 0x0000000718200000| Untracked 
|  96|0x0000000718400000, 0x0000000718400000, 0x0000000718600000|  0%| F|  |TAMS 0x0000000718400000, 0x0000000718400000| Untracked 
|  97|0x0000000718600000, 0x0000000718600000, 0x0000000718800000|  0%| F|  |TAMS 0x0000000718600000, 0x0000000718600000| Untracked 
|  98|0x0000000718800000, 0x0000000718800000, 0x0000000718a00000|  0%| F|  |TAMS 0x0000000718800000, 0x0000000718800000| Untracked 
|  99|0x0000000718a00000, 0x0000000718a00000, 0x0000000718c00000|  0%| F|  |TAMS 0x0000000718a00000, 0x0000000718a00000| Untracked 
| 100|0x0000000718c00000, 0x0000000718c00000, 0x0000000718e00000|  0%| F|  |TAMS 0x0000000718c00000, 0x0000000718c00000| Untracked 
| 101|0x0000000718e00000, 0x0000000718e00000, 0x0000000719000000|  0%| F|  |TAMS 0x0000000718e00000, 0x0000000718e00000| Untracked 
| 102|0x0000000719000000, 0x0000000719000000, 0x0000000719200000|  0%| F|  |TAMS 0x0000000719000000, 0x0000000719000000| Untracked 
| 103|0x0000000719200000, 0x0000000719200000, 0x0000000719400000|  0%| F|  |TAMS 0x0000000719200000, 0x0000000719200000| Untracked 
| 104|0x0000000719400000, 0x0000000719400000, 0x0000000719600000|  0%| F|  |TAMS 0x0000000719400000, 0x0000000719400000| Untracked 
| 105|0x0000000719600000, 0x0000000719600000, 0x0000000719800000|  0%| F|  |TAMS 0x0000000719600000, 0x0000000719600000| Untracked 
| 106|0x0000000719800000, 0x0000000719800000, 0x0000000719a00000|  0%| F|  |TAMS 0x0000000719800000, 0x0000000719800000| Untracked 
| 107|0x0000000719a00000, 0x0000000719a00000, 0x0000000719c00000|  0%| F|  |TAMS 0x0000000719a00000, 0x0000000719a00000| Untracked 
| 108|0x0000000719c00000, 0x0000000719c00000, 0x0000000719e00000|  0%| F|  |TAMS 0x0000000719c00000, 0x0000000719c00000| Untracked 
| 109|0x0000000719e00000, 0x0000000719e00000, 0x000000071a000000|  0%| F|  |TAMS 0x0000000719e00000, 0x0000000719e00000| Untracked 
| 110|0x000000071a000000, 0x000000071a000000, 0x000000071a200000|  0%| F|  |TAMS 0x000000071a000000, 0x000000071a000000| Untracked 
| 111|0x000000071a200000, 0x000000071a200000, 0x000000071a400000|  0%| F|  |TAMS 0x000000071a200000, 0x000000071a200000| Untracked 
| 112|0x000000071a400000, 0x000000071a400000, 0x000000071a600000|  0%| F|  |TAMS 0x000000071a400000, 0x000000071a400000| Untracked 
| 113|0x000000071a600000, 0x000000071a800000, 0x000000071a800000|100%| E|  |TAMS 0x000000071a600000, 0x000000071a600000| Complete 
| 114|0x000000071a800000, 0x000000071aa00000, 0x000000071aa00000|100%| E|CS|TAMS 0x000000071a800000, 0x000000071a800000| Complete 
| 115|0x000000071aa00000, 0x000000071ac00000, 0x000000071ac00000|100%| E|CS|TAMS 0x000000071aa00000, 0x000000071aa00000| Complete 
| 116|0x000000071ac00000, 0x000000071ae00000, 0x000000071ae00000|100%| E|CS|TAMS 0x000000071ac00000, 0x000000071ac00000| Complete 
| 117|0x000000071ae00000, 0x000000071b000000, 0x000000071b000000|100%| E|CS|TAMS 0x000000071ae00000, 0x000000071ae00000| Complete 
| 118|0x000000071b000000, 0x000000071b200000, 0x000000071b200000|100%| E|CS|TAMS 0x000000071b000000, 0x000000071b000000| Complete 
| 119|0x000000071b200000, 0x000000071b400000, 0x000000071b400000|100%| E|CS|TAMS 0x000000071b200000, 0x000000071b200000| Complete 
| 120|0x000000071b400000, 0x000000071b600000, 0x000000071b600000|100%| E|CS|TAMS 0x000000071b400000, 0x000000071b400000| Complete 
| 121|0x000000071b600000, 0x000000071b800000, 0x000000071b800000|100%| E|CS|TAMS 0x000000071b600000, 0x000000071b600000| Complete 

Card table byte_map: [0x0000026569b60000,0x000002656a300000] _byte_map_base: 0x00000265662fe000

Marking Bits (Prev, Next): (CMBitMap*) 0x00000265564e7b00, (CMBitMap*) 0x00000265564e7b40
 Prev Bits: [0x000002656aaa0000, 0x000002656e790000)
 Next Bits: [0x000002656e790000, 0x0000026572480000)

Polling page: 0x0000026555c50000

Metaspace:

Usage:
  Non-class:     14.30 MB used.
      Class:      1.63 MB used.
       Both:     15.93 MB used.

Virtual space:
  Non-class space:       16.00 MB reserved,      14.44 MB ( 90%) committed,  2 nodes.
      Class space:        1.00 GB reserved,       1.75 MB ( <1%) committed,  1 nodes.
             Both:        1.02 GB reserved,      16.19 MB (  2%) committed. 

Chunk freelists:
   Non-Class:  1022.00 KB
       Class:  2.25 MB
        Both:  3.24 MB

MaxMetaspaceSize: unlimited
CompressedClassSpaceSize: 1.00 GB
Initial GC threshold: 21.00 MB
Current GC threshold: 21.00 MB
CDS: off
MetaspaceReclaimPolicy: balanced
 - commit_granule_bytes: 65536.
 - commit_granule_words: 8192.
 - virtual_space_node_default_size: 1048576.
 - enlarge_chunks_in_place: 1.
 - new_chunks_are_fully_committed: 0.
 - uncommit_free_chunks: 1.
 - use_allocation_guard: 0.
 - handle_deallocations: 1.


Internal statistics:

num_allocs_failed_limit: 0.
num_arena_births: 126.
num_arena_deaths: 0.
num_vsnodes_births: 3.
num_vsnodes_deaths: 0.
num_space_committed: 259.
num_space_uncommitted: 0.
num_chunks_returned_to_freelist: 0.
num_chunks_taken_from_freelist: 206.
num_chunk_merges: 0.
num_chunk_splits: 113.
num_chunks_enlarged: 56.
num_purges: 0.
num_inconsistent_stats: 0.

CodeHeap 'non-profiled nmethods': size=119168Kb used=339Kb max_used=339Kb free=118828Kb
 bounds [0x00000265616e0000, 0x0000026561950000, 0x0000026568b40000]
CodeHeap 'profiled nmethods': size=119104Kb used=2315Kb max_used=2315Kb free=116788Kb
 bounds [0x000002655a290000, 0x000002655a500000, 0x00000265616e0000]
CodeHeap 'non-nmethods': size=7488Kb used=2436Kb max_used=2459Kb free=5051Kb
 bounds [0x0000026559b40000, 0x0000026559db0000, 0x000002655a290000]
 total_blobs=1989 nmethods=1341 adapters=559
 compilation: enabled
              stopped_count=0, restarted_count=0
 full_count=0

Compilation events (20 events):
Event: 0.727 Thread 0x0000026576223f80 nmethod 1278 0x000002655a4bac90 code [0x000002655a4bae80, 0x000002655a4bb358]
Event: 0.727 Thread 0x0000026576092d50 1279       3       java.lang.StrictMath::floorOrCeil (128 bytes)
Event: 0.727 Thread 0x000002657621fa50 1280       3       sun.awt.SunHints$Value::hashCode (5 bytes)
Event: 0.728 Thread 0x0000026576092d50 nmethod 1279 0x000002655a4bb610 code [0x000002655a4bb7e0, 0x000002655a4bbc98]
Event: 0.728 Thread 0x000002657621fa50 nmethod 1280 0x000002655a4bbd90 code [0x000002655a4bbf20, 0x000002655a4bc048]
Event: 0.729 Thread 0x000002657f59b330 1281       4       java.util.concurrent.locks.AbstractQueuedSynchronizer::compareAndSetState (13 bytes)
Event: 0.729 Thread 0x000002657f59b330 nmethod 1281 0x000002656172f890 code [0x000002656172fa00, 0x000002656172fa98]
Event: 0.730 Thread 0x000002657f23d800 nmethod 1276 0x000002656172fb90 code [0x000002656172fd20, 0x0000026561730018]
Event: 0.730 Thread 0x0000026576092d50 1282       3       java.awt.geom.RectangularShape::<init> (5 bytes)
Event: 0.730 Thread 0x000002657621fa50 1283       3       java.awt.geom.Rectangle2D::<init> (5 bytes)
Event: 0.730 Thread 0x0000026576092d50 nmethod 1282 0x000002655a4bc110 code [0x000002655a4bc2a0, 0x000002655a4bc3f8]
Event: 0.730 Thread 0x0000026576092d50 1284       1       java.awt.Component::getGraphicsConfiguration_NoClientCode (5 bytes)
Event: 0.730 Thread 0x000002657621fa50 nmethod 1283 0x000002655a4bc490 code [0x000002655a4bc640, 0x000002655a4bc7f8]
Event: 0.730 Thread 0x0000026576092d50 nmethod 1284 0x0000026561730290 code [0x0000026561730420, 0x00000265617304f8]
Event: 0.730 Thread 0x000002657621fa50 1285       3       java.lang.StrictMath::floor (12 bytes)
Event: 0.731 Thread 0x000002657621fa50 nmethod 1285 0x000002655a4bc910 code [0x000002655a4bcae0, 0x000002655a4bcc08]
Event: 0.776 Thread 0x0000026576092d50 1286       1       sun.java2d.loops.GraphicsPrimitive::getUniqueID (5 bytes)
Event: 0.776 Thread 0x0000026576223f80 1287       3       sun.java2d.loops.GraphicsPrimitiveMgr$1::compare (13 bytes)
Event: 0.776 Thread 0x000002657621fa50 1288       3       sun.java2d.loops.GraphicsPrimitiveMgr$1::compare (33 bytes)
Event: 0.776 Thread 0x000002657621fa50 nmethod 1288 0x000002655a4bcc90 code [0x000002655a4bce40, 0x000002655a4bd078]

GC Heap History (0 events):
No events

Deoptimization events (20 events):
Event: 0.696 Thread 0x000002657f0dca20 Uncommon trap: trap_request=0xffffff45 fr.pc=0x00000265616f0d28 relative=0x00000000000001a8
Event: 0.696 Thread 0x000002657f0dca20 Uncommon trap: reason=unstable_if action=reinterpret pc=0x00000265616f0d28 method=java.lang.String.hashCode()I @ 20 c2
Event: 0.696 Thread 0x000002657f0dca20 DEOPT PACKING pc=0x00000265616f0d28 sp=0x0000006a63ffd310
Event: 0.696 Thread 0x000002657f0dca20 DEOPT UNPACKING pc=0x0000026559b923a3 sp=0x0000006a63ffd2a0 mode 2
Event: 0.706 Thread 0x000002657f0dca20 Uncommon trap: trap_request=0xffffff45 fr.pc=0x000002656172aa80 relative=0x0000000000000440
Event: 0.706 Thread 0x000002657f0dca20 Uncommon trap: reason=unstable_if action=reinterpret pc=0x000002656172aa80 method=java.lang.Character.isSurrogate(C)Z @ 3 c2
Event: 0.706 Thread 0x000002657f0dca20 DEOPT PACKING pc=0x000002656172aa80 sp=0x0000006a63ffd000
Event: 0.706 Thread 0x000002657f0dca20 DEOPT UNPACKING pc=0x0000026559b923a3 sp=0x0000006a63ffcf18 mode 2
Event: 0.706 Thread 0x000002657f0dca20 Uncommon trap: trap_request=0xffffff45 fr.pc=0x000002656172a338 relative=0x0000000000000038
Event: 0.706 Thread 0x000002657f0dca20 Uncommon trap: reason=unstable_if action=reinterpret pc=0x000002656172a338 method=java.lang.Character.isSurrogate(C)Z @ 3 c2
Event: 0.706 Thread 0x000002657f0dca20 DEOPT PACKING pc=0x000002656172a338 sp=0x0000006a63ffcf70
Event: 0.706 Thread 0x000002657f0dca20 DEOPT UNPACKING pc=0x0000026559b923a3 sp=0x0000006a63ffcf08 mode 2
Event: 0.727 Thread 0x000002657f0dca20 Uncommon trap: trap_request=0xffffff45 fr.pc=0x000002656171bcdc relative=0x000000000000019c
Event: 0.727 Thread 0x000002657f0dca20 Uncommon trap: reason=unstable_if action=reinterpret pc=0x000002656171bcdc method=java.lang.StrictMath.floorOrCeil(DDDD)D @ 24 c2
Event: 0.727 Thread 0x000002657f0dca20 DEOPT PACKING pc=0x000002656171bcdc sp=0x0000006a63ffd990
Event: 0.727 Thread 0x000002657f0dca20 DEOPT UNPACKING pc=0x0000026559b923a3 sp=0x0000006a63ffd908 mode 2
Event: 0.727 Thread 0x000002657f0dca20 Uncommon trap: trap_request=0xffffff45 fr.pc=0x000002656171c194 relative=0x0000000000000154
Event: 0.727 Thread 0x000002657f0dca20 Uncommon trap: reason=unstable_if action=reinterpret pc=0x000002656171c194 method=java.lang.StrictMath.floorOrCeil(DDDD)D @ 14 c2
Event: 0.727 Thread 0x000002657f0dca20 DEOPT PACKING pc=0x000002656171c194 sp=0x0000006a63ffda10
Event: 0.727 Thread 0x000002657f0dca20 DEOPT UNPACKING pc=0x0000026559b923a3 sp=0x0000006a63ffd8e0 mode 2

Classes unloaded (0 events):
No events

Classes redefined (0 events):
No events

Internal exceptions (15 events):
Event: 0.129 Thread 0x000002655647ae70 Exception <a 'java/lang/ClassNotFoundException'{0x000000071b464658}: sun/awt/resources/spi/awtProvider> (0x000000071b464658) 
thrown [s\src\hotspot\share\classfile\systemDictionary.cpp, line 256]
Event: 0.150 Thread 0x000002655647ae70 Exception <a 'java/io/FileNotFoundException'{0x000000071b4beea0}> (0x000000071b4beea0) 
thrown [s\src\hotspot\share\prims\jni.cpp, line 516]
Event: 0.154 Thread 0x000002655647ae70 Exception <a 'java/io/FileNotFoundException'{0x000000071b55caf8}> (0x000000071b55caf8) 
thrown [s\src\hotspot\share\prims\jni.cpp, line 516]
Event: 0.191 Thread 0x000002655647ae70 Exception <a 'java/lang/NoSuchMethodError'{0x000000071b5cd5b0}: 'java.lang.Object java.lang.invoke.DirectMethodHandle$Holder.invokeStaticInit(java.lang.Object)'> (0x000000071b5cd5b0) 
thrown [s\src\hotspot\share\interpreter\linkResolver.cpp, line 759]
Event: 0.215 Thread 0x000002655647ae70 Exception <a 'java/lang/NoSuchMethodError'{0x000000071b5f85b8}: 'void java.lang.invoke.DirectMethodHandle$Holder.invokeSpecial(java.lang.Object, java.lang.Object, java.lang.Object)'> (0x000000071b5f85b8) 
thrown [s\src\hotspot\share\interpreter\linkResolver.cpp, line 759]
Event: 0.221 Thread 0x000002655647ae70 Exception <a 'java/lang/NoSuchMethodError'{0x000000071b294200}: 'java.lang.Object java.lang.invoke.DirectMethodHandle$Holder.newInvokeSpecial(java.lang.Object, java.lang.Object, java.lang.Object, java.lang.Object, java.lang.Object)'> (0x000000071b294200) 
thrown [s\src\hotspot\share\interpreter\linkResolver.cpp, line 759]
Event: 0.222 Thread 0x000002655647ae70 Exception <a 'java/lang/NoSuchMethodError'{0x000000071b29fbc8}: 'java.lang.Object java.lang.invoke.DirectMethodHandle$Holder.invokeStatic(java.lang.Object, int, java.lang.Object, java.lang.Object, java.lang.Object, java.lang.Object)'> (0x000000071b29fbc8) 
thrown [s\src\hotspot\share\interpreter\linkResolver.cpp, line 759]
Event: 0.225 Thread 0x000002655647ae70 Exception <a 'java/lang/NoSuchMethodError'{0x000000071b2c5388}: 'java.lang.Object java.lang.invoke.DirectMethodHandle$Holder.invokeStatic(java.lang.Object, int, java.lang.Object)'> (0x000000071b2c5388) 
thrown [s\src\hotspot\share\interpreter\linkResolver.cpp, line 759]
Event: 0.246 Thread 0x000002655647ae70 Exception <a 'java/lang/ClassNotFoundException'{0x000000071b3800d8}: com/sun/swing/internal/plaf/metal/resources/spi/metalProvider> (0x000000071b3800d8) 
thrown [s\src\hotspot\share\classfile\systemDictionary.cpp, line 256]
Event: 0.247 Thread 0x000002655647ae70 Exception <a 'java/lang/ClassNotFoundException'{0x000000071b383ce8}: com/sun/swing/internal/plaf/basic/resources/spi/basicProvider> (0x000000071b383ce8) 
thrown [s\src\hotspot\share\classfile\systemDictionary.cpp, line 256]
Event: 0.407 Thread 0x000002655647ae70 Exception <a 'java/lang/NoSuchMethodError'{0x000000071b107ef8}: 'void java.lang.invoke.DirectMethodHandle$Holder.invokeStatic(java.lang.Object, java.lang.Object, java.lang.Object)'> (0x000000071b107ef8) 
thrown [s\src\hotspot\share\interpreter\linkResolver.cpp, line 759]
Event: 0.408 Thread 0x000002655647ae70 Exception <a 'java/lang/NoSuchMethodError'{0x000000071b10e390}: 'void java.lang.invoke.DirectMethodHandle$Holder.invokeStatic(java.lang.Object, java.lang.Object)'> (0x000000071b10e390) 
thrown [s\src\hotspot\share\interpreter\linkResolver.cpp, line 759]
Event: 0.484 Thread 0x00000265765ff3c0 Exception <a 'java/lang/NoSuchMethodError'{0x000000071b20fbc0}: 'void java.lang.invoke.DirectMethodHandle$Holder.invokeVirtual(java.lang.Object, java.lang.Object)'> (0x000000071b20fbc0) 
thrown [s\src\hotspot\share\interpreter\linkResolver.cpp, line 759]
Event: 0.496 Thread 0x000002655647ae70 Exception <a 'java/lang/NoSuchMethodError'{0x000000071ae0c478}: 'void java.lang.invoke.DirectMethodHandle$Holder.invokeStaticInit(java.lang.Object)'> (0x000000071ae0c478) 
thrown [s\src\hotspot\share\interpreter\linkResolver.cpp, line 759]
Event: 0.574 Thread 0x000002657f0d9530 Exception <a 'java/lang/NoSuchMethodError'{0x000000071ae7dc10}: 'java.lang.Object java.lang.invoke.DirectMethodHandle$Holder.newInvokeSpecial(java.lang.Object, java.lang.Object, java.lang.Object, int, int, int, int, int)'> (0x000000071ae7dc10) 
thrown [s\src\hotspot\share\interpreter\linkResolver.cpp, line 759]

VM Operations (18 events):
Event: 0.090 Executing VM operation: HandshakeAllThreads
Event: 0.090 Executing VM operation: HandshakeAllThreads done
Event: 0.165 Executing VM operation: HandshakeAllThreads
Event: 0.165 Executing VM operation: HandshakeAllThreads done
Event: 0.417 Executing VM operation: HandshakeAllThreads
Event: 0.417 Executing VM operation: HandshakeAllThreads done
Event: 0.439 Executing VM operation: HandshakeAllThreads
Event: 0.439 Executing VM operation: HandshakeAllThreads done
Event: 0.444 Executing VM operation: HandshakeAllThreads
Event: 0.444 Executing VM operation: HandshakeAllThreads done
Event: 0.569 Executing VM operation: HandshakeAllThreads
Event: 0.569 Executing VM operation: HandshakeAllThreads done
Event: 0.569 Executing VM operation: HandshakeAllThreads
Event: 0.569 Executing VM operation: HandshakeAllThreads done
Event: 0.702 Executing VM operation: ICBufferFull
Event: 0.702 Executing VM operation: ICBufferFull done
Event: 0.775 Executing VM operation: HandshakeAllThreads
Event: 0.775 Executing VM operation: HandshakeAllThreads done

Events (20 events):
Event: 0.731 loading class sun/swing/ImageCache
Event: 0.731 loading class sun/swing/ImageCache done
Event: 0.732 loading class sun/swing/ImageCache$Entry
Event: 0.732 loading class sun/swing/ImageCache$Entry done
Event: 0.775 loading class java/awt/GradientPaint
Event: 0.775 loading class java/awt/GradientPaint done
Event: 0.775 loading class sun/java2d/d3d/D3DPaints
Event: 0.775 loading class sun/java2d/d3d/D3DPaints done
Event: 0.775 loading class sun/java2d/d3d/D3DPaints$Gradient
Event: 0.775 loading class sun/java2d/d3d/D3DPaints$Gradient done
Event: 0.775 loading class sun/java2d/d3d/D3DPaints$LinearGradient
Event: 0.775 loading class sun/java2d/d3d/D3DPaints$MultiGradient
Event: 0.775 loading class sun/java2d/d3d/D3DPaints$MultiGradient done
Event: 0.776 loading class sun/java2d/d3d/D3DPaints$LinearGradient done
Event: 0.776 loading class sun/java2d/d3d/D3DPaints$RadialGradient
Event: 0.776 loading class sun/java2d/d3d/D3DPaints$RadialGradient done
Event: 0.776 loading class sun/java2d/d3d/D3DPaints$Texture
Event: 0.776 loading class sun/java2d/d3d/D3DPaints$Texture done
Event: 0.776 loading class sun/java2d/loops/GraphicsPrimitiveMgr$PrimitiveSpec
Event: 0.776 loading class sun/java2d/loops/GraphicsPrimitiveMgr$PrimitiveSpec done


Dynamic libraries:
0x00007ff757760000 - 0x00007ff75776e000 	C:\Users\taylo\.p2\pool\plugins\org.eclipse.justj.openjdk.hotspot.jre.full.win32.x86_64_17.0.4.v20220903-1038\jre\bin\javaw.exe
0x00007ffdcf950000 - 0x00007ffdcfb64000 	C:\WINDOWS\SYSTEM32\ntdll.dll
0x00007ffdce000000 - 0x00007ffdce0c2000 	C:\WINDOWS\System32\KERNEL32.DLL
0x00007ffdccd80000 - 0x00007ffdcd11d000 	C:\WINDOWS\System32\KERNELBASE.dll
0x00007ffdcd3e0000 - 0x00007ffdcd4f1000 	C:\WINDOWS\System32\ucrtbase.dll
0x00007ffdb11c0000 - 0x00007ffdb11d8000 	C:\Users\taylo\.p2\pool\plugins\org.eclipse.justj.openjdk.hotspot.jre.full.win32.x86_64_17.0.4.v20220903-1038\jre\bin\jli.dll
0x00007ffdaf690000 - 0x00007ffdaf6a9000 	C:\Users\taylo\.p2\pool\plugins\org.eclipse.justj.openjdk.hotspot.jre.full.win32.x86_64_17.0.4.v20220903-1038\jre\bin\VCRUNTIME140.dll
0x00007ffdce140000 - 0x00007ffdce2ea000 	C:\WINDOWS\System32\USER32.dll
0x00007ffdcd3b0000 - 0x00007ffdcd3d6000 	C:\WINDOWS\System32\win32u.dll
0x00007ffdb9980000 - 0x00007ffdb9c0e000 	C:\WINDOWS\WinSxS\amd64_microsoft.windows.common-controls_6595b64144ccf1df_6.0.22621.608_none_a9444ca7c10bb01d\COMCTL32.dll
0x00007ffdcde60000 - 0x00007ffdcde89000 	C:\WINDOWS\System32\GDI32.dll
0x00007ffdcf820000 - 0x00007ffdcf8c7000 	C:\WINDOWS\System32\msvcrt.dll
0x00007ffdcd120000 - 0x00007ffdcd232000 	C:\WINDOWS\System32\gdi32full.dll
0x00007ffdcd500000 - 0x00007ffdcd59a000 	C:\WINDOWS\System32\msvcp_win.dll
0x00007ffdced30000 - 0x00007ffdced62000 	C:\WINDOWS\System32\IMM32.DLL
0x00007ffdbcf70000 - 0x00007ffdbcf7c000 	C:\Users\taylo\.p2\pool\plugins\org.eclipse.justj.openjdk.hotspot.jre.full.win32.x86_64_17.0.4.v20220903-1038\jre\bin\vcruntime140_1.dll
0x00007ffd99650000 - 0x00007ffd996e1000 	C:\Users\taylo\.p2\pool\plugins\org.eclipse.justj.openjdk.hotspot.jre.full.win32.x86_64_17.0.4.v20220903-1038\jre\bin\msvcp140.dll
0x00007ffd8d3f0000 - 0x00007ffd8e036000 	C:\Users\taylo\.p2\pool\plugins\org.eclipse.justj.openjdk.hotspot.jre.full.win32.x86_64_17.0.4.v20220903-1038\jre\bin\server\jvm.dll
0x00007ffdcdf50000 - 0x00007ffdcdffe000 	C:\WINDOWS\System32\ADVAPI32.dll
0x00007ffdce360000 - 0x00007ffdce404000 	C:\WINDOWS\System32\sechost.dll
0x00007ffdcd8a0000 - 0x00007ffdcd9b5000 	C:\WINDOWS\System32\RPCRT4.dll
0x00007ffdcf650000 - 0x00007ffdcf658000 	C:\WINDOWS\System32\PSAPI.DLL
0x00007ffdc6b40000 - 0x00007ffdc6b4a000 	C:\WINDOWS\SYSTEM32\VERSION.dll
0x00007ffdb94f0000 - 0x00007ffdb94f9000 	C:\WINDOWS\SYSTEM32\WSOCK32.dll
0x00007ffdc4f00000 - 0x00007ffdc4f34000 	C:\WINDOWS\SYSTEM32\WINMM.dll
0x00007ffdce830000 - 0x00007ffdce8a1000 	C:\WINDOWS\System32\WS2_32.dll
0x00007ffdcbee0000 - 0x00007ffdcbef8000 	C:\WINDOWS\SYSTEM32\kernel.appcore.dll
0x00007ffdc5050000 - 0x00007ffdc505a000 	C:\Users\taylo\.p2\pool\plugins\org.eclipse.justj.openjdk.hotspot.jre.full.win32.x86_64_17.0.4.v20220903-1038\jre\bin\jimage.dll
0x00007ffdca8b0000 - 0x00007ffdcaade000 	C:\WINDOWS\SYSTEM32\DBGHELP.DLL
0x00007ffdce410000 - 0x00007ffdce79a000 	C:\WINDOWS\System32\combase.dll
0x00007ffdcd750000 - 0x00007ffdcd827000 	C:\WINDOWS\System32\OLEAUT32.dll
0x00007ffdc34f0000 - 0x00007ffdc3522000 	C:\WINDOWS\SYSTEM32\dbgcore.DLL
0x00007ffdcd5a0000 - 0x00007ffdcd61b000 	C:\WINDOWS\System32\bcryptPrimitives.dll
0x00007ffdbd270000 - 0x00007ffdbd295000 	C:\Users\taylo\.p2\pool\plugins\org.eclipse.justj.openjdk.hotspot.jre.full.win32.x86_64_17.0.4.v20220903-1038\jre\bin\java.dll
0x00007ffdc5030000 - 0x00007ffdc5048000 	C:\Users\taylo\.p2\pool\plugins\org.eclipse.justj.openjdk.hotspot.jre.full.win32.x86_64_17.0.4.v20220903-1038\jre\bin\zip.dll
0x00007ffdcee70000 - 0x00007ffdcf650000 	C:\WINDOWS\System32\SHELL32.dll
0x00007ffdcadd0000 - 0x00007ffdcb695000 	C:\WINDOWS\SYSTEM32\windows.storage.dll
0x00007ffdcac90000 - 0x00007ffdcadce000 	C:\WINDOWS\SYSTEM32\wintypes.dll
0x00007ffdcd9d0000 - 0x00007ffdcdac1000 	C:\WINDOWS\System32\SHCORE.dll
0x00007ffdce0d0000 - 0x00007ffdce12e000 	C:\WINDOWS\System32\shlwapi.dll
0x00007ffdcccb0000 - 0x00007ffdcccd1000 	C:\WINDOWS\SYSTEM32\profapi.dll
0x00007ffdc0810000 - 0x00007ffdc0829000 	C:\Users\taylo\.p2\pool\plugins\org.eclipse.justj.openjdk.hotspot.jre.full.win32.x86_64_17.0.4.v20220903-1038\jre\bin\net.dll
0x00007ffdc7a90000 - 0x00007ffdc7bbf000 	C:\WINDOWS\SYSTEM32\WINHTTP.dll
0x00007ffdcc340000 - 0x00007ffdcc3a9000 	C:\WINDOWS\system32\mswsock.dll
0x00007ffdbd330000 - 0x00007ffdbd345000 	C:\Users\taylo\.p2\pool\plugins\org.eclipse.justj.openjdk.hotspot.jre.full.win32.x86_64_17.0.4.v20220903-1038\jre\bin\nio.dll
0x00007ffd96bc0000 - 0x00007ffd96d4e000 	C:\Users\taylo\.p2\pool\plugins\org.eclipse.justj.openjdk.hotspot.jre.full.win32.x86_64_17.0.4.v20220903-1038\jre\bin\awt.dll
0x00007ffdc9e70000 - 0x00007ffdc9f07000 	C:\WINDOWS\SYSTEM32\apphelp.dll
0x00007ffdc9f80000 - 0x00007ffdca02b000 	C:\WINDOWS\system32\uxtheme.dll
0x00007ffdcdb50000 - 0x00007ffdcdc6e000 	C:\WINDOWS\System32\MSCTF.dll
0x00007ffdcdc70000 - 0x00007ffdcde0c000 	C:\WINDOWS\System32\ole32.dll
0x00007ffdca200000 - 0x00007ffdca22b000 	C:\WINDOWS\system32\DWMAPI.DLL
0x00007ffd63ac0000 - 0x00007ffd63bc0000 	C:\WINDOWS\system32\opengl32.dll
0x00007ffd86b90000 - 0x00007ffd86bbd000 	C:\WINDOWS\SYSTEM32\GLU32.dll
0x00007ffdca270000 - 0x00007ffdca2a6000 	C:\WINDOWS\SYSTEM32\dxcore.dll
0x00007ffd86cb0000 - 0x00007ffd86e59000 	C:\WINDOWS\system32\d3d9.dll
0x00007ffdc2aa0000 - 0x00007ffdc2c5b000 	C:\WINDOWS\System32\DriverStore\FileRepository\u0383113.inf_amd64_9242eb4af0e982f6\B383140\aticfx64.dll
0x00007ffd7d0d0000 - 0x00007ffd7ee9f000 	C:\WINDOWS\System32\DriverStore\FileRepository\u0383113.inf_amd64_9242eb4af0e982f6\B383140\amdxn64.dll
0x00007ffdce8b0000 - 0x00007ffdced2a000 	C:\WINDOWS\System32\SETUPAPI.dll
0x00007ffdca0f0000 - 0x00007ffdca1e7000 	C:\WINDOWS\SYSTEM32\dxgi.dll
0x00007ffdc0aa0000 - 0x00007ffdc0ad5000 	C:\WINDOWS\SYSTEM32\amdihk64.dll
0x00007ffdc7610000 - 0x00007ffdc7659000 	C:\WINDOWS\SYSTEM32\directxdatabasehelper.dll
0x00007ffd995c0000 - 0x00007ffd99646000 	C:\Users\taylo\.p2\pool\plugins\org.eclipse.justj.openjdk.hotspot.jre.full.win32.x86_64_17.0.4.v20220903-1038\jre\bin\freetype.dll
0x00007ffd99420000 - 0x00007ffd994c8000 	C:\Users\taylo\.p2\pool\plugins\org.eclipse.justj.openjdk.hotspot.jre.full.win32.x86_64_17.0.4.v20220903-1038\jre\bin\fontmanager.dll
0x00007ffdcde90000 - 0x00007ffdcdf47000 	C:\WINDOWS\System32\clbcatq.dll
0x00007ffdc88c0000 - 0x00007ffdc8a70000 	C:\WINDOWS\SYSTEM32\WindowsCodecs.dll
0x00007ffdabda0000 - 0x00007ffdabdfe000 	C:\WINDOWS\system32\dataexchange.dll
0x00007ffdc44d0000 - 0x00007ffdc473a000 	C:\WINDOWS\system32\twinapi.appcore.dll
0x00007ffdb92a0000 - 0x00007ffdb93cd000 	C:\WINDOWS\SYSTEM32\textinputframework.dll

dbghelp: loaded successfully - version: 4.0.5 - missing functions: none
symbol engine: initialized successfully - sym options: 0x614 - pdb path: .;C:\Users\taylo\.p2\pool\plugins\org.eclipse.justj.openjdk.hotspot.jre.full.win32.x86_64_17.0.4.v20220903-1038\jre\bin;C:\WINDOWS\SYSTEM32;C:\WINDOWS\WinSxS\amd64_microsoft.windows.common-controls_6595b64144ccf1df_6.0.22621.608_none_a9444ca7c10bb01d;C:\Users\taylo\.p2\pool\plugins\org.eclipse.justj.openjdk.hotspot.jre.full.win32.x86_64_17.0.4.v20220903-1038\jre\bin\server;C:\WINDOWS\System32\DriverStore\FileRepository\u0383113.inf_amd64_9242eb4af0e982f6\B383140

VM Arguments:
jvm_args: -Dfile.encoding=UTF-8 -XX:+ShowCodeDetailsInExceptionMessages 
java_command: clueGame.ClueGame
java_class_path (initial): C:\Users\taylo\.p2\pool\plugins\junit-jupiter-api_5.9.0.jar;C:\Users\taylo\.p2\pool\plugins\junit-jupiter-engine_5.9.0.jar;C:\Users\taylo\.p2\pool\plugins\junit-jupiter-migrationsupport_5.9.0.jar;C:\Users\taylo\.p2\pool\plugins\junit-jupiter-params_5.9.0.jar;C:\Users\taylo\.p2\pool\plugins\junit-platform-commons_1.9.0.jar;C:\Users\taylo\.p2\pool\plugins\junit-platform-engine_1.9.0.jar;C:\Users\taylo\.p2\pool\plugins\junit-platform-launcher_1.9.0.jar;C:\Users\taylo\.p2\pool\plugins\junit-platform-runner_1.9.0.jar;C:\Users\taylo\.p2\pool\plugins\junit-platform-suite-api_1.9.0.jar;C:\Users\taylo\.p2\pool\plugins\junit-platform-suite-engine_1.9.0.jar;C:\Users\taylo\.p2\pool\plugins\junit-platform-suite-commons_1.9.0.jar;C:\Users\taylo\.p2\pool\plugins\junit-vintage-engine_5.9.0.jar;C:\Users\taylo\.p2\pool\plugins\org.opentest4j_1.2.0.jar;C:\Users\taylo\.p2\pool\plugins\org.apiguardian.api_1.1.2.jar;C:\Users\taylo\.p2\pool\plugins\org.junit_4.13.2.v20211018-1956.jar;C:\Users\taylo\.p2\pool\plugins\org.hamcrest.core_1.3.0.v20180420-1519.jar;C:\Users\taylo\eclipse-workspace\ClueGameKlone\bin
Launcher Type: SUN_STANDARD

[Global flags]
     intx CICompilerCount                          = 12                                        {product} {ergonomic}
     uint ConcGCThreads                            = 3                                         {product} {ergonomic}
     uint G1ConcRefinementThreads                  = 13                                        {product} {ergonomic}
   size_t G1HeapRegionSize                         = 2097152                                   {product} {ergonomic}
    uintx GCDrainStackTargetSize                   = 64                                        {product} {ergonomic}
   size_t InitialHeapSize                          = 255852544                                 {product} {ergonomic}
   size_t MarkStackSize                            = 4194304                                   {product} {ergonomic}
   size_t MaxHeapSize                              = 4089446400                                {product} {ergonomic}
   size_t MaxNewSize                               = 2453667840                                {product} {ergonomic}
   size_t MinHeapDeltaBytes                        = 2097152                                   {product} {ergonomic}
   size_t MinHeapSize                              = 8388608                                   {product} {ergonomic}
    uintx NonNMethodCodeHeapSize                   = 7602480                                {pd product} {ergonomic}
    uintx NonProfiledCodeHeapSize                  = 122027880                              {pd product} {ergonomic}
    uintx ProfiledCodeHeapSize                     = 122027880                              {pd product} {ergonomic}
    uintx ReservedCodeCacheSize                    = 251658240                              {pd product} {ergonomic}
     bool SegmentedCodeCache                       = true                                      {product} {ergonomic}
     bool ShowCodeDetailsInExceptionMessages       = true                                   {manageable} {command line}
   size_t SoftMaxHeapSize                          = 4089446400                             {manageable} {ergonomic}
     bool UseCompressedClassPointers               = true                           {product lp64_product} {ergonomic}
     bool UseCompressedOops                        = true                           {product lp64_product} {ergonomic}
     bool UseG1GC                                  = true                                      {product} {ergonomic}
     bool UseLargePagesIndividualAllocation        = false                                  {pd product} {ergonomic}

Logging:
Log output configuration:
 #0: stdout all=warning uptime,level,tags
 #1: stderr all=off uptime,level,tags

Environment Variables:
PATH=C:/Users/taylo/.p2/pool/plugins/org.eclipse.justj.openjdk.hotspot.jre.full.win32.x86_64_17.0.4.v20220903-1038/jre/bin/server;C:/Users/taylo/.p2/pool/plugins/org.eclipse.justj.openjdk.hotspot.jre.full.win32.x86_64_17.0.4.v20220903-1038/jre/bin;C:\WINDOWS\system32;C:\WINDOWS;C:\WINDOWS\System32\Wbem;C:\WINDOWS\System32\WindowsPowerShell\v1.0\;C:\WINDOWS\System32\OpenSSH\;C:\Program Files\Git\cmd;C:\Program Files\dotnet\;C:\Users\taylo\AppData\Local\Microsoft\WindowsApps;C:\WINDOWS\system32;
USERNAME=taylo
OS=Windows_NT
PROCESSOR_IDENTIFIER=AMD64 Family 25 Model 68 Stepping 1, AuthenticAMD
TMP=C:\Users\taylo\AppData\Local\Temp
TEMP=C:\Users\taylo\AppData\Local\Temp



---------------  S Y S T E M  ---------------

OS:
 Windows 11 , 64 bit Build 22621 (10.0.22621.755)
OS uptime: 6 days 2:56 hours

CPU: total 16 (initial active 16) (16 cores per cpu, 2 threads per core) family 25 model 68 stepping 1 microcode 0x0, cx8, cmov, fxsr, ht, mmx, 3dnowpref, sse, sse2, sse3, ssse3, sse4a, sse4.1, sse4.2, popcnt, lzcnt, tsc, tscinvbit, avx, avx2, aes, erms, clmul, bmi1, bmi2, adx, sha, fma, vzeroupper, clflush, clflushopt

Memory: 4k page, system-wide physical 15596M (1332M free)
TotalPageFile size 62700M (AvailPageFile size 0M)
current process WorkingSet (physical memory assigned to process): 186M, peak: 186M
current process commit charge ("private bytes"): 471M, peak: 473M

vm_info: OpenJDK 64-Bit Server VM (17.0.4.1+1) for windows-amd64 JRE (17.0.4.1+1), built on Aug 17 2022 07:42:43 by "temurin" with MS VC++ 16.7 (VS2019)

END.
